

Microchip MPLAB XC8 Assembler V3.10 build 20250813170317 
                                                                                                           Wed May 13 17:13:09 2026


     1                           	processor	16F877A
     2                           	pagewidth 132
     3                           	psect	code,global,class=CODE,space=0,delta=2
     4                           	psect	powerup,global,class=CODE,space=0,delta=2
     5                           	psect	reset_vec,global,class=CODE,space=0,delta=2
     6                           	psect	maintext,global,class=CODE,space=0,delta=2
     7                           	psect	eeprom_data,global,class=EEDATA,space=3,delta=2,noexec
     8                           	psect	intentry,global,class=CODE,space=0,delta=2
     9                           	psect	sivt,global,class=CODE,space=0,delta=2
    10                           	psect	functab,global,class=ENTRY,space=0,delta=2
    11                           	psect	init,global,class=CODE,space=0,delta=2
    12                           	psect	cinit,global,class=CODE,space=0,delta=2
    13                           	psect	text,global,class=CODE,space=0,delta=2
    14                           	psect	end_init,global,class=CODE,space=0,delta=2
    15                           	psect	clrtext,global,class=CODE,space=0,delta=2
    16                           	psect	strings,global,reloc=256,class=CODE,space=0,delta=2
    17                           	psect	stack,global,class=STACK,space=2,delta=1,noexec
    18                           	psect	heap,global,class=HEAP,space=7,delta=1,noexec
    19                           	psect	common,global,class=COMMON,space=1,delta=1
    20                           	psect	bank0,global,class=BANK0,space=1,delta=1
    21                           	psect	bank1,global,class=BANK1,space=1,delta=1
    22                           	psect	bank2,global,class=BANK2,space=1,delta=1
    23                           	psect	bank3,global,class=BANK3,space=1,delta=1
    24                           	psect	ram,global,class=RAM,space=1,delta=1
    25                           	psect	abs1,global,class=ABS1,space=1,delta=1
    26                           	psect	sfr0,global,class=SFR0,space=1,delta=1
    27                           	psect	sfr1,global,class=SFR1,space=1,delta=1
    28                           	psect	sfr2,global,class=SFR2,space=1,delta=1
    29                           	psect	sfr3,global,class=SFR3,space=1,delta=1
    30                           
    31                           	psect	reset_vec
    32     0000                     reset_vec:
    33                           
    34                           ; No powerup routine
    35                           ; jump to start
    36     0000  120A  118A  2810   	goto	(start& (0+2047))| (reset_vec& (0+-2048))
    37                           
    38                           	psect	maintext
    39                           
    40                           ; Microchip MPLAB XC8 C Compiler V3.10
    41                           ; Copyright (C) 2025 Microchip Technology Inc.
    42                           ; Auto-generated runtime startup code for final link stage.
    43                           ;
    44                           ; Compiler options:
    45                           ;
    46                           ; -q --opt=none --chip=16f877a --opt=+s \
    47                           ; --dfp=C:/Users/Ziad/Desktop/Academic/College zewail city/Courses/CIE/Year 4/CIE 408 Embedded Syste
      +                          ms/Compiler/Microchip.PIC16Fxxx_DFP.1.7.162/xc8 \
    48                           ; -I. -IMCAL/MCAL_GPIO -IMCAL/MCAL_UART -IMCAL/MCAL_interrupt \
    49                           ; -IHAL/HAL_IR -IHAL/HAL_LCD -ISERVICES APP/main.c \
    50                           ; MCAL/MCAL_GPIO/GPIO.c MCAL/MCAL_interrupt/interrupt.c \
    51                           ; MCAL/MCAL_UART/UART.c HAL/HAL_IR/HAL_IR.c HAL/HAL_LCD/HAL_LCD.c \
    52                           ; -otest.hex --objdir=build --outdir=build -L--fixupoverflow=error \
    53                           ; --std=c99 --rors --icl=auto --callgraph=none --warn=-3 \
    54                           ; --errformat=%f:%l:%c: error: (%n) %s \
    55                           ; --warnformat=%f:%l:%c: warning: (%n) %s \
    56                           ; --msgformat=%f:%l:%c: advisory: (%n) %s
    57                           ;
    58     0000                     C               set	0
    59     0002                     Z               set	2
    60     0002                     PCL             set	2
    61     0000                     INDF            set	0
    62     0003                     STATUS          equ	3
    63     000A                     PCLATH          equ	10
    64                           
    65                           	psect	functab
    66     001D                     intlevel0:
    67     001D                     intlevel1:
    68     001D                     intlevel2:
    69     001D                     intlevel3:
    70     001D                     intlevel4:
    71     001D                     intlevel5:
    72                           
    73                           	psect	init
    74     0010                     start:
    75                           
    76                           	psect	end_init
    77     0010  120A  118A  2813   	ljmp	start_initialization	;jump to C runtime clear & initialization
    78                           
    79                           	psect	clrtext
    80     0004                     FSR             set	4
    81                           
    82                           	psect	strings
    83     0000                     ___stacklo      equ	0
    84     0000                     ___stackhi      equ	0
    85                           
    86                           	psect	stack
    87     0054                     ___sp:
    88     0054                     ___int_sp:
    89     0054                     ___stack_lo:
    90     0054                     ___stack_hi:
    91     0054                     ___int_stack_lo:
    92     0054                     ___int_stack_hi:
    93                           
    94                           	psect	heap
    95                           
    96                           ; No heap to be allocated
    97     0000                     ___heap_lo      equ	0
    98     0000                     ___heap_hi      equ	0


Microchip Technology PIC Macro Assembler V3.10 build 20250813170317 
Symbol Table                                                                                               Wed May 13 17:13:09 2026

               ___sp 0054                 _main 03D9                 start 0010           ___stack_hi 0054  
         ___stack_lo 0054       ___int_stack_hi 0054       ___int_stack_lo 0054  start_initialization 0013  
          ___heap_hi 0000            ___heap_lo 0000            ___stackhi 0000            ___stacklo 0000  
           ___int_sp 0054             intlevel0 001D             intlevel1 001D             intlevel2 001D  
           intlevel3 001D             intlevel4 001D             intlevel5 001D             reset_vec 0000  
